[watchdog] Starting bot at Sun Mar  1 21:52:29 +03 2026
🚀 Polymarket Trading Runner
   Mode: 🔴 LIVE
   Strategies: Oracle Arb + Edge AI + Crypto Oracle + Live Score
   Risk level: MEDIUM

[tg] 🤖 Trading Runner Started
Mode: 🔴 LIVE
Strategies: Oracle Arb + Edge AI + Crypto Oracle + Live Score
Risk: MEDIUM
🚀 Oracle Arb Monitor started | ARMED=true | interval=3min
[tg] 🤖 Oracle Arb started | 🔴 LIVE
🚀 Edge AI Monitor started | ARMED=true | risk=MEDIUM | interval=2min
[tg] 🧠 Edge AI started | 🔴 LIVE | Risk: MEDIUM
🚀 Crypto Oracle started | ARMED=true
[tg] 🪙 Crypto Oracle started | 🔴 LIVE
🚀 Live Score started | ARMED=true
[tg] ⚽ Live Score started | 🔴 LIVE

[2026-03-01T18:52:30.925Z] ═══ Oracle Arb Cycle ═══

[2026-03-01T18:52:30.965Z] ═══ Edge AI Cycle ═══

[2026-03-01T18:52:30.967Z] ═══ Crypto Oracle Cycle ═══

[2026-03-01T18:52:30.970Z] ═══ Live Score Cycle ═══
[oracle-arb] pos: Will Sinners win Best Original Screenplay at the 9 sell=0.940
[oracle-arb] pos: Will One Battle After Another win Best Adapted Scr sell=0.910
[oracle-arb] pos: Will Frankenstein win Best Production Design at th sell=0.910
[oracle-arb] pos: Will Paul Thomas Anderson win Best Director at the sell=0.940
[oracle-arb] pos: Will Frankenstein win Best Makeup and Hairstyling  sell=0.922
[oracle-arb] pos: Will Jessie Buckley win Best Actress at the 98th A sell=0.940
[oracle-arb] pos: Will PH win the most seats in the 2026 Colombian S sell=0.940
[oracle-arb] pos: Will Frankenstein win Best Costume Design at the 9 sell=0.940
[oracle-arb] At max positions (8/8)
[tg] 🔍 Oracle Arb — max positions held (8/8), no new buys
[edge-ai] 286 qualifying markets in 0-6h window (29 live/ending ≤45min) → analyzing top 25
[clob] Client init: signatureType=1 funder=0xc92fe1c5f324c58d0be12b8728be18a92375361f
[clob] USDC.e balance (CLOB): $17.67
[tg] 🧠 Edge AI Scan
Markets 0–3h: 25 | Positions: 1/8
Risk: MEDIUM (need 60%+ confidence)
USDC: $17.67 | 🔴 LIVE

[edge-ai] Analyzing: Will Zamalek SC win on 2026-03-01?
[edge-ai] Closes in 37min | YES=21.0%
[live] 0 live games (soccer + NHL)
[live] No live games right now
[crypto] Price fetch failed: fetch failed
